<?xml version="1.0" encoding="UTF-8"?>
<!-- Generated by org.testng.reporters.JUnitXMLReporter -->
<testsuite ignored="0" hostname="DESKTOP-37N23S7" failures="0" tests="10" name="Default test" time="27.549" errors="0" timestamp="2023-10-23T11:50:31 EET">
  <testcase classname="Magento_signin" name="myTest" time="0.247"/>
  <testcase classname="Magento_signin" name="myTest" time="0.197"/>
  <testcase classname="Magento_signin" name="myTest" time="0.202"/>
  <testcase classname="Magento_signin" name="myTest" time="0.203"/>
  <testcase classname="Magento_signin" name="myTest" time="0.202"/>
  <testcase classname="Magento_signin" name="myTest" time="0.19"/>
  <testcase classname="Magento_signin" name="myTest" time="0.202"/>
  <testcase classname="Magento_signin" name="myTest" time="0.195"/>
  <testcase classname="Magento_signin" name="myTest" time="0.196"/>
  <testcase classname="Magento_signin" name="myTest" time="0.204"/>
</testsuite> <!-- Default test -->
