<?xml version="1.0" encoding="UTF-8"?>
<testng-results ignored="0" total="10" passed="10" failed="0" skipped="0">
  <reporter-output>
  </reporter-output>
  <suite started-at="2023-10-23T11:50:04 EET" name="Default suite" finished-at="2023-10-23T11:50:31 EET" duration-ms="27549">
    <groups>
    </groups>
    <test started-at="2023-10-23T11:50:04 EET" name="Default test" finished-at="2023-10-23T11:50:31 EET" duration-ms="27549">
      <class name="Magento_signin">
        <test-method is-config="true" signature="beforeTest()[pri:0, instance:Magento_signin@76f7d241]" started-at="2023-10-23T11:50:04 EET" name="beforeTest" finished-at="2023-10-23T11:50:29 EET" duration-ms="25480" status="PASS">
          <reporter-output>
          </reporter-output>
        </test-method> <!-- beforeTest -->
        <test-method signature="myTest()[pri:0, instance:Magento_signin@76f7d241]" started-at="2023-10-23T11:50:29 EET" name="myTest" finished-at="2023-10-23T11:50:30 EET" duration-ms="247" status="PASS">
          <reporter-output>
          </reporter-output>
        </test-method> <!-- myTest -->
        <test-method signature="myTest()[pri:0, instance:Magento_signin@76f7d241]" started-at="2023-10-23T11:50:30 EET" name="myTest" finished-at="2023-10-23T11:50:30 EET" duration-ms="197" status="PASS">
          <reporter-output>
          </reporter-output>
        </test-method> <!-- myTest -->
        <test-method signature="myTest()[pri:0, instance:Magento_signin@76f7d241]" started-at="2023-10-23T11:50:30 EET" name="myTest" finished-at="2023-10-23T11:50:30 EET" duration-ms="202" status="PASS">
          <reporter-output>
          </reporter-output>
        </test-method> <!-- myTest -->
        <test-method signature="myTest()[pri:0, instance:Magento_signin@76f7d241]" started-at="2023-10-23T11:50:30 EET" name="myTest" finished-at="2023-10-23T11:50:30 EET" duration-ms="203" status="PASS">
          <reporter-output>
          </reporter-output>
        </test-method> <!-- myTest -->
        <test-method signature="myTest()[pri:0, instance:Magento_signin@76f7d241]" started-at="2023-10-23T11:50:30 EET" name="myTest" finished-at="2023-10-23T11:50:30 EET" duration-ms="202" status="PASS">
          <reporter-output>
          </reporter-output>
        </test-method> <!-- myTest -->
        <test-method signature="myTest()[pri:0, instance:Magento_signin@76f7d241]" started-at="2023-10-23T11:50:30 EET" name="myTest" finished-at="2023-10-23T11:50:31 EET" duration-ms="190" status="PASS">
          <reporter-output>
          </reporter-output>
        </test-method> <!-- myTest -->
        <test-method signature="myTest()[pri:0, instance:Magento_signin@76f7d241]" started-at="2023-10-23T11:50:31 EET" name="myTest" finished-at="2023-10-23T11:50:31 EET" duration-ms="202" status="PASS">
          <reporter-output>
          </reporter-output>
        </test-method> <!-- myTest -->
        <test-method signature="myTest()[pri:0, instance:Magento_signin@76f7d241]" started-at="2023-10-23T11:50:31 EET" name="myTest" finished-at="2023-10-23T11:50:31 EET" duration-ms="195" status="PASS">
          <reporter-output>
          </reporter-output>
        </test-method> <!-- myTest -->
        <test-method signature="myTest()[pri:0, instance:Magento_signin@76f7d241]" started-at="2023-10-23T11:50:31 EET" name="myTest" finished-at="2023-10-23T11:50:31 EET" duration-ms="196" status="PASS">
          <reporter-output>
          </reporter-output>
        </test-method> <!-- myTest -->
        <test-method signature="myTest()[pri:0, instance:Magento_signin@76f7d241]" started-at="2023-10-23T11:50:31 EET" name="myTest" finished-at="2023-10-23T11:50:31 EET" duration-ms="204" status="PASS">
          <reporter-output>
          </reporter-output>
        </test-method> <!-- myTest -->
        <test-method is-config="true" signature="myAftertest()[pri:0, instance:Magento_signin@76f7d241]" started-at="2023-10-23T11:50:31 EET" name="myAftertest" finished-at="2023-10-23T11:50:31 EET" duration-ms="0" status="PASS">
          <reporter-output>
          </reporter-output>
        </test-method> <!-- myAftertest -->
      </class> <!-- Magento_signin -->
    </test> <!-- Default test -->
  </suite> <!-- Default suite -->
</testng-results>
